{"total": {"lines":{"total":72,"covered":68,"skipped":0,"pct":94.44},"statements":{"total":74,"covered":70,"skipped":0,"pct":94.59},"functions":{"total":23,"covered":23,"skipped":0,"pct":100},"branches":{"total":48,"covered":33,"skipped":0,"pct":68.75},"branchesTrue":{"total":0,"covered":0,"skipped":0,"pct":"Unknown"}}
,"/Users/ystk_skm/git/Owner_ystskm/OutLog/index.js": {"lines":{"total":72,"covered":68,"skipped":0,"pct":94.44},"functions":{"total":23,"covered":23,"skipped":0,"pct":100},"statements":{"total":74,"covered":70,"skipped":0,"pct":94.59},"branches":{"total":48,"covered":33,"skipped":0,"pct":68.75}}
}
