{"total": {"lines":{"total":3,"covered":3,"skipped":0,"pct":100},"statements":{"total":52,"covered":52,"skipped":0,"pct":100},"functions":{"total":23,"covered":23,"skipped":0,"pct":100},"branches":{"total":48,"covered":33,"skipped":0,"pct":68.75},"branchesTrue":{"total":0,"covered":0,"skipped":0,"pct":"Unknown"}}
,"/Users/ystk_skm/git/Owner_ystskm/OutLog/dist/OutLog.min.js": {"lines":{"total":3,"covered":3,"skipped":0,"pct":100},"functions":{"total":23,"covered":23,"skipped":0,"pct":100},"statements":{"total":52,"covered":52,"skipped":0,"pct":100},"branches":{"total":48,"covered":33,"skipped":0,"pct":68.75}}
}
